DEBUG:MySQLPersistenceWrapper:2025-11-29 11:29:58,425:DB Connection Config Dict: {'database': 'fitness_app', 'user': 'root', 'host': 'localhost', 'port': 3306, 'password': 'root'}
DEBUG:MySQLPersistenceWrapper:2025-11-29 11:29:58,425:Creating connection pool...
DEBUG:MySQLPersistenceWrapper:2025-11-29 11:29:58,541:Connection pool successfully created!
DEBUG:MySQLPersistenceWrapper:2025-11-29 11:44:59,446:DB Connection Config Dict: {'database': 'fitness_app', 'user': 'root', 'host': 'localhost', 'port': 3306, 'password': 'root'}
DEBUG:MySQLPersistenceWrapper:2025-11-29 11:44:59,447:Creating connection pool...
DEBUG:MySQLPersistenceWrapper:2025-11-29 11:44:59,549:Connection pool successfully created!
DEBUG:MySQLPersistenceWrapper:2025-11-29 11:51:22,909:DB Connection Config Dict: {'database': 'fitness_app', 'user': 'root', 'host': 'localhost', 'port': 3306, 'password': 'root'}
DEBUG:MySQLPersistenceWrapper:2025-11-29 11:51:22,909:Creating connection pool...
DEBUG:MySQLPersistenceWrapper:2025-11-29 11:51:23,009:Connection pool successfully created!
DEBUG:AppServices:2025-11-29 11:51:23,009:__init__:It works!
DEBUG:MySQLPersistenceWrapper:2025-11-29 11:57:25,726:DB Connection Config Dict: {'database': 'fitness_app', 'user': 'root', 'host': 'localhost', 'port': 3306, 'password': 'root'}
DEBUG:MySQLPersistenceWrapper:2025-11-29 11:57:25,726:Creating connection pool...
DEBUG:MySQLPersistenceWrapper:2025-11-29 11:57:25,829:Connection pool successfully created!
DEBUG:AppServices:2025-11-29 11:57:25,829:In get_all_users_as_json()...
DEBUG:MySQLPersistenceWrapper:2025-11-29 11:57:25,829:DB Connection Config Dict: {'database': 'fitness_app', 'user': 'root', 'host': 'localhost', 'port': 3306, 'password': 'root'}
DEBUG:MySQLPersistenceWrapper:2025-11-29 11:57:25,829:Creating connection pool...
DEBUG:MySQLPersistenceWrapper:2025-11-29 11:57:25,859:Connection pool successfully created!
DEBUG:MySQLPersistenceWrapper:2025-11-29 13:32:23,592:DB Connection Config Dict: {'database': 'fitness_app', 'user': 'root', 'host': 'localhost', 'port': 3306, 'password': 'root'}
DEBUG:MySQLPersistenceWrapper:2025-11-29 13:32:23,592:Creating connection pool...
DEBUG:MySQLPersistenceWrapper:2025-11-29 13:32:23,706:Connection pool successfully created!
DEBUG:AppServices:2025-11-29 13:32:23,707:In get_all_users_as_json()...
DEBUG:MySQLPersistenceWrapper:2025-11-29 13:32:23,711:DB Connection Config Dict: {'database': 'fitness_app', 'user': 'root', 'host': 'localhost', 'port': 3306, 'password': 'root'}
DEBUG:MySQLPersistenceWrapper:2025-11-29 13:32:23,711:Creating connection pool...
DEBUG:MySQLPersistenceWrapper:2025-11-29 13:32:23,739:Connection pool successfully created!
DEBUG:MySQLPersistenceWrapper:2025-11-29 13:37:48,298:DB Connection Config Dict: {'database': 'fitness_app', 'user': 'root', 'host': 'localhost', 'port': 3306, 'password': 'root'}
DEBUG:MySQLPersistenceWrapper:2025-11-29 13:37:48,299:Creating connection pool...
DEBUG:MySQLPersistenceWrapper:2025-11-29 13:37:48,394:Connection pool successfully created!
DEBUG:AppServices:2025-11-29 13:37:48,395:In get_all_users_as_json()...
DEBUG:MySQLPersistenceWrapper:2025-11-29 13:37:48,397:DB Connection Config Dict: {'database': 'fitness_app', 'user': 'root', 'host': 'localhost', 'port': 3306, 'password': 'root'}
DEBUG:MySQLPersistenceWrapper:2025-11-29 13:37:48,398:Creating connection pool...
DEBUG:MySQLPersistenceWrapper:2025-11-29 13:37:48,421:Connection pool successfully created!
DEBUG:MySQLPersistenceWrapper:2025-11-29 15:10:20,795:DB Connection Config Dict: {'database': 'fitness_app', 'user': 'root', 'host': 'localhost', 'port': 3306, 'password': 'root'}
DEBUG:MySQLPersistenceWrapper:2025-11-29 15:10:20,795:Creating connection pool...
DEBUG:MySQLPersistenceWrapper:2025-11-29 15:10:20,996:Connection pool successfully created!
DEBUG:AppServices:2025-11-29 15:10:20,996:In get_all_users_as_json()...
DEBUG:MySQLPersistenceWrapper:2025-11-29 15:10:21,001:DB Connection Config Dict: {'database': 'fitness_app', 'user': 'root', 'host': 'localhost', 'port': 3306, 'password': 'root'}
DEBUG:MySQLPersistenceWrapper:2025-11-29 15:10:21,002:Creating connection pool...
DEBUG:MySQLPersistenceWrapper:2025-11-29 15:10:21,051:Connection pool successfully created!
DEBUG:MySQLPersistenceWrapper:2025-11-29 15:36:38,290:DB Connection Config Dict: {'database': 'fitness_app', 'user': 'root', 'host': 'localhost', 'port': 3306, 'password': 'root'}
DEBUG:MySQLPersistenceWrapper:2025-11-29 15:36:38,291:Creating connection pool...
DEBUG:MySQLPersistenceWrapper:2025-11-29 15:36:38,474:Connection pool successfully created!
DEBUG:UserInterface:2025-11-29 15:36:38,475:__init__:It works!
DEBUG:UserInterface:2025-11-29 15:36:38,476:start: User interface started!
DEBUG:MySQLPersistenceWrapper:2025-11-29 15:36:38,478:DB Connection Config Dict: {'database': 'fitness_app', 'user': 'root', 'host': 'localhost', 'port': 3306, 'password': 'root'}
DEBUG:MySQLPersistenceWrapper:2025-11-29 15:36:38,479:Creating connection pool...
DEBUG:MySQLPersistenceWrapper:2025-11-29 15:36:38,526:Connection pool successfully created!
DEBUG:AppServices:2025-11-29 15:36:38,527:In get_all_users_as_json()...
DEBUG:MySQLPersistenceWrapper:2025-11-29 15:36:38,531:DB Connection Config Dict: {'database': 'fitness_app', 'user': 'root', 'host': 'localhost', 'port': 3306, 'password': 'root'}
DEBUG:MySQLPersistenceWrapper:2025-11-29 15:36:38,531:Creating connection pool...
DEBUG:MySQLPersistenceWrapper:2025-11-29 15:36:38,580:Connection pool successfully created!
DEBUG:MySQLPersistenceWrapper:2025-11-29 15:43:29,487:DB Connection Config Dict: {'database': 'fitness_app', 'user': 'root', 'host': 'localhost', 'port': 3306, 'password': 'root'}
DEBUG:MySQLPersistenceWrapper:2025-11-29 15:43:29,488:Creating connection pool...
DEBUG:MySQLPersistenceWrapper:2025-11-29 15:43:29,657:Connection pool successfully created!
DEBUG:UserInterface:2025-11-29 15:43:29,657:__init__:It works!
DEBUG:UserInterface:2025-11-29 15:43:29,658:start: User interface started!
DEBUG:MySQLPersistenceWrapper:2025-11-29 15:43:29,660:DB Connection Config Dict: {'database': 'fitness_app', 'user': 'root', 'host': 'localhost', 'port': 3306, 'password': 'root'}
DEBUG:MySQLPersistenceWrapper:2025-11-29 15:43:29,660:Creating connection pool...
DEBUG:MySQLPersistenceWrapper:2025-11-29 15:43:29,706:Connection pool successfully created!
DEBUG:AppServices:2025-11-29 15:43:29,707:In get_all_users_as_json()...
DEBUG:MySQLPersistenceWrapper:2025-11-29 15:43:29,713:DB Connection Config Dict: {'database': 'fitness_app', 'user': 'root', 'host': 'localhost', 'port': 3306, 'password': 'root'}
DEBUG:MySQLPersistenceWrapper:2025-11-29 15:43:29,714:Creating connection pool...
DEBUG:MySQLPersistenceWrapper:2025-11-29 15:43:29,765:Connection pool successfully created!
DEBUG:MySQLPersistenceWrapper:2025-11-29 15:45:49,589:DB Connection Config Dict: {'database': 'fitness_app', 'user': 'root', 'host': 'localhost', 'port': 3306, 'password': 'root'}
DEBUG:MySQLPersistenceWrapper:2025-11-29 15:45:49,590:Creating connection pool...
DEBUG:MySQLPersistenceWrapper:2025-11-29 15:45:49,768:Connection pool successfully created!
DEBUG:UserInterface:2025-11-29 15:45:49,769:__init__:It works!
DEBUG:UserInterface:2025-11-29 15:45:49,769:start: User interface started!
DEBUG:MySQLPersistenceWrapper:2025-11-29 15:45:49,773:DB Connection Config Dict: {'database': 'fitness_app', 'user': 'root', 'host': 'localhost', 'port': 3306, 'password': 'root'}
DEBUG:MySQLPersistenceWrapper:2025-11-29 15:45:49,774:Creating connection pool...
DEBUG:MySQLPersistenceWrapper:2025-11-29 15:45:49,818:Connection pool successfully created!
DEBUG:AppServices:2025-11-29 15:45:49,819:In get_all_users_as_json()...
DEBUG:MySQLPersistenceWrapper:2025-11-29 15:45:49,825:DB Connection Config Dict: {'database': 'fitness_app', 'user': 'root', 'host': 'localhost', 'port': 3306, 'password': 'root'}
DEBUG:MySQLPersistenceWrapper:2025-11-29 15:45:49,826:Creating connection pool...
DEBUG:MySQLPersistenceWrapper:2025-11-29 15:45:49,874:Connection pool successfully created!
DEBUG:MySQLPersistenceWrapper:2025-11-29 15:49:37,662:DB Connection Config Dict: {'database': 'fitness_app', 'user': 'root', 'host': 'localhost', 'port': 3306, 'password': 'root'}
DEBUG:MySQLPersistenceWrapper:2025-11-29 15:49:37,663:Creating connection pool...
DEBUG:MySQLPersistenceWrapper:2025-11-29 15:49:37,854:Connection pool successfully created!
DEBUG:AppServices:2025-11-29 15:49:37,854:In get_all_users_as_json()...
DEBUG:MySQLPersistenceWrapper:2025-11-29 15:49:37,859:DB Connection Config Dict: {'database': 'fitness_app', 'user': 'root', 'host': 'localhost', 'port': 3306, 'password': 'root'}
DEBUG:MySQLPersistenceWrapper:2025-11-29 15:49:37,859:Creating connection pool...
DEBUG:MySQLPersistenceWrapper:2025-11-29 15:49:37,904:Connection pool successfully created!
DEBUG:MySQLPersistenceWrapper:2025-11-29 16:03:36,718:DB Connection Config Dict: {'database': 'fitness_app', 'user': 'root', 'host': 'localhost', 'port': 3306, 'password': 'root'}
DEBUG:MySQLPersistenceWrapper:2025-11-29 16:03:36,719:Creating connection pool...
DEBUG:MySQLPersistenceWrapper:2025-11-29 16:03:36,902:Connection pool successfully created!
DEBUG:UserInterface:2025-11-29 16:03:36,902:User Interface initialized!
DEBUG:MySQLPersistenceWrapper:2025-11-29 16:06:40,304:DB Connection Config Dict: {'database': 'fitness_app', 'user': 'root', 'host': 'localhost', 'port': 3306, 'password': 'root'}
DEBUG:MySQLPersistenceWrapper:2025-11-29 16:06:40,305:Creating connection pool...
DEBUG:MySQLPersistenceWrapper:2025-11-29 16:06:40,429:Connection pool successfully created!
DEBUG:UserInterface:2025-11-29 16:06:40,430:User Interface initialized!
DEBUG:UserInterface:2025-11-29 16:06:40,430:User interface started!
